<?xml version="1.0" encoding="UTF-8"?>
<testsuite name="Test Case 11"
           tests="14"
           failures="0"
           errors="0"
           skipped="0"
           time="115.443">
  <properties />
  
  
            <testcase name="LoginTruongPhongDien" time="6.705" classname="RunTestCase.WorkFlow11" />
                <testcase name="Login" time="6.965" classname="RunTestCase.WorkFlow11" />
                <testcase name="LoginCSKH1" time="6.684" classname="RunTestCase.WorkFlow11" />
                <testcase name="Logout" time="0.542" classname="RunTestCase.WorkFlow11" />
                <testcase name="DangXuat1" time="0.322" classname="RunTestCase.WorkFlow11" />
                <testcase name="CreateTicketTest" time="32.475" classname="RunTestCase.WorkFlow11" />
                <testcase name="XuLyTicket" time="19.546" classname="RunTestCase.WorkFlow11" />
                <testcase name="XuLyTicketTraVe" time="10.850" classname="RunTestCase.WorkFlow11" />
                <testcase name="DangXuat2" time="0.330" classname="RunTestCase.WorkFlow11" />
                <testcase name="ChuyenTiepTicket" time="9.706" classname="RunTestCase.WorkFlow11" />
                <testcase name="DangXuat" time="0.352" classname="RunTestCase.WorkFlow11" />
                <testcase name="LoginTest" time="5.967" classname="RunTestCase.WorkFlow11" />
                <testcase name="DuyetTraVeTicket" time="8.304" classname="RunTestCase.WorkFlow11" />
                <testcase name="LoginTruongPhongDien1" time="6.695" classname="RunTestCase.WorkFlow11" />
      
</testsuite>
