<?xml version="1.0" encoding="UTF-8"?>
<testsuite name="Sample Test Case"
           tests="14"
           failures="0"
           errors="0"
           skipped="0"
           time="109.045">
  <properties />
  
  
            <testcase name="Login" time="6.648" classname="RunTestCase.TestRunTestCase" />
                <testcase name="Logout" time="0.362" classname="RunTestCase.TestRunTestCase" />
                <testcase name="DangXuat1" time="0.415" classname="RunTestCase.TestRunTestCase" />
                <testcase name="DuyetTraVeTicket" time="8.391" classname="RunTestCase.TestRunTestCase" />
                <testcase name="LoginCSKH1" time="6.853" classname="RunTestCase.TestRunTestCase" />
                <testcase name="DangXuat" time="0.307" classname="RunTestCase.TestRunTestCase" />
                <testcase name="LoginTest" time="5.815" classname="RunTestCase.TestRunTestCase" />
                <testcase name="CreateTicketTest" time="26.572" classname="RunTestCase.TestRunTestCase" />
                <testcase name="LoginTruongPhongDien" time="6.744" classname="RunTestCase.TestRunTestCase" />
                <testcase name="LoginTruongPhongDien1" time="6.734" classname="RunTestCase.TestRunTestCase" />
                <testcase name="ChuyenTiepTicket" time="8.646" classname="RunTestCase.TestRunTestCase" />
                <testcase name="XuLyTicket" time="19.835" classname="RunTestCase.TestRunTestCase" />
                <testcase name="XuLyTicketTraVe" time="11.215" classname="RunTestCase.TestRunTestCase" />
                <testcase name="DangXuat2" time="0.508" classname="RunTestCase.TestRunTestCase" />
      
</testsuite>
