<?xml version="1.0" encoding="UTF-8"?>
<testsuite name="Test Case 13"
           tests="9"
           failures="0"
           errors="0"
           skipped="0"
           time="69.869">
  <properties />
  
  
            <testcase name="ChuyenTiepTicket" time="9.754" classname="RunTestCase.WorkFlow13" />
                <testcase name="LoginTest" time="6.035" classname="RunTestCase.WorkFlow13" />
                <testcase name="CreateTicketTest" time="32.687" classname="RunTestCase.WorkFlow13" />
                <testcase name="Logout" time="0.370" classname="RunTestCase.WorkFlow13" />
                <testcase name="XuLyTicket" time="6.966" classname="RunTestCase.WorkFlow13" />
                <testcase name="DangXuat" time="0.333" classname="RunTestCase.WorkFlow13" />
                <testcase name="LoginTruongPhongDien" time="6.688" classname="RunTestCase.WorkFlow13" />
                <testcase name="Login" time="6.712" classname="RunTestCase.WorkFlow13" />
                <testcase name="DangXuat1" time="0.324" classname="RunTestCase.WorkFlow13" />
      
</testsuite>
