<?xml version="1.0" encoding="UTF-8"?>
<testsuite name="Test Case 5"
           tests="11"
           failures="0"
           errors="0"
           skipped="0"
           time="99.224">
  <properties />
  
  
            <testcase name="LoginTest" time="5.884" classname="RunTestCase.WorkFlow5" />
                <testcase name="DangXuat" time="0.360" classname="RunTestCase.WorkFlow5" />
                <testcase name="XuLyTicket" time="19.899" classname="RunTestCase.WorkFlow5" />
                <testcase name="LoginCSKH1" time="6.771" classname="RunTestCase.WorkFlow5" />
                <testcase name="Login" time="6.733" classname="RunTestCase.WorkFlow5" />
                <testcase name="DangXuat1" time="0.351" classname="RunTestCase.WorkFlow5" />
                <testcase name="Logout" time="0.718" classname="RunTestCase.WorkFlow5" />
                <testcase name="CreateTicketTest" time="33.370" classname="RunTestCase.WorkFlow5" />
                <testcase name="DuyetTraVeTicket" time="8.463" classname="RunTestCase.WorkFlow5" />
                <testcase name="LoginTruongPhongDien" time="6.806" classname="RunTestCase.WorkFlow5" />
                <testcase name="ChuyenTiepTicket" time="9.869" classname="RunTestCase.WorkFlow5" />
      
</testsuite>
