<?xml version="1.0" encoding="UTF-8"?>
<testsuite name="Test Case 8"
           tests="14"
           failures="0"
           errors="0"
           skipped="0"
           time="115.999">
  <properties />
  
  
            <testcase name="DangXuat2" time="0.326" classname="RunTestCase.WorkFlow8" />
                <testcase name="LoginCSKH1" time="6.695" classname="RunTestCase.WorkFlow8" />
                <testcase name="CreateTicketTest" time="32.605" classname="RunTestCase.WorkFlow8" />
                <testcase name="Logout" time="0.565" classname="RunTestCase.WorkFlow8" />
                <testcase name="DangXuat" time="0.328" classname="RunTestCase.WorkFlow8" />
                <testcase name="DangXuat1" time="0.325" classname="RunTestCase.WorkFlow8" />
                <testcase name="Login" time="6.676" classname="RunTestCase.WorkFlow8" />
                <testcase name="XuLyTicketTraVe" time="10.816" classname="RunTestCase.WorkFlow8" />
                <testcase name="ChuyenTiepTicket" time="9.699" classname="RunTestCase.WorkFlow8" />
                <testcase name="XuLyTicket" time="19.611" classname="RunTestCase.WorkFlow8" />
                <testcase name="LoginTruongPhongDien1" time="7.281" classname="RunTestCase.WorkFlow8" />
                <testcase name="LoginTruongPhongDien" time="6.799" classname="RunTestCase.WorkFlow8" />
                <testcase name="DuyetTraVeTicket" time="8.387" classname="RunTestCase.WorkFlow8" />
                <testcase name="LoginTest" time="5.886" classname="RunTestCase.WorkFlow8" />
      
</testsuite>
