<?xml version="1.0" encoding="UTF-8"?>
<testsuite name="Test Case 3"
           tests="12"
           failures="0"
           errors="0"
           skipped="0"
           time="100.473">
  <properties />
  
  
            <testcase name="DangNhapCSKH" time="5.905" classname="RunTestCase.WorkFlow3" />
                <testcase name="XuLyTicketTraVe" time="10.918" classname="RunTestCase.WorkFlow3" />
                <testcase name="DangXuat1" time="0.341" classname="RunTestCase.WorkFlow3" />
                <testcase name="DangXuat2" time="0.534" classname="RunTestCase.WorkFlow3" />
                <testcase name="XuLyTicket" time="19.663" classname="RunTestCase.WorkFlow3" />
                <testcase name="Login" time="6.753" classname="RunTestCase.WorkFlow3" />
                <testcase name="LoginTruongPhongDien1" time="6.756" classname="RunTestCase.WorkFlow3" />
                <testcase name="Logout" time="0.570" classname="RunTestCase.WorkFlow3" />
                <testcase name="DangXuat" time="0.322" classname="RunTestCase.WorkFlow3" />
                <testcase name="ChuyenTiepTicket" time="9.694" classname="RunTestCase.WorkFlow3" />
                <testcase name="LoginTruongPhongDien" time="6.754" classname="RunTestCase.WorkFlow3" />
                <testcase name="CreateTicketTest" time="32.263" classname="RunTestCase.WorkFlow3" />
      
</testsuite>
