<?xml version="1.0" encoding="UTF-8"?>
<testsuite name="Sample Test Case"
           tests="14"
           failures="0"
           errors="0"
           skipped="0"
           time="108.184">
  <properties />
  
  
            <testcase name="Login" time="6.709" classname="RunTestCase.WorkFlow1" />
                <testcase name="XuLyTicketTraVe" time="10.935" classname="RunTestCase.WorkFlow1" />
                <testcase name="CreateTicketTest" time="25.651" classname="RunTestCase.WorkFlow1" />
                <testcase name="DuyetTraVeTicket" time="8.363" classname="RunTestCase.WorkFlow1" />
                <testcase name="XuLyTicket" time="19.801" classname="RunTestCase.WorkFlow1" />
                <testcase name="LoginTruongPhongDien1" time="6.825" classname="RunTestCase.WorkFlow1" />
                <testcase name="DangXuat2" time="0.370" classname="RunTestCase.WorkFlow1" />
                <testcase name="ChuyenTiepTicket" time="8.984" classname="RunTestCase.WorkFlow1" />
                <testcase name="DangXuat" time="0.480" classname="RunTestCase.WorkFlow1" />
                <testcase name="DangXuat1" time="0.605" classname="RunTestCase.WorkFlow1" />
                <testcase name="LoginTruongPhongDien" time="6.744" classname="RunTestCase.WorkFlow1" />
                <testcase name="LoginCSKH1" time="6.932" classname="RunTestCase.WorkFlow1" />
                <testcase name="Logout" time="0.397" classname="RunTestCase.WorkFlow1" />
                <testcase name="LoginTest" time="5.388" classname="RunTestCase.WorkFlow1" />
      
</testsuite>
