<?xml version="1.0" encoding="UTF-8"?>
<testsuite name="Test Case 14"
           tests="5"
           failures="0"
           errors="0"
           skipped="0"
           time="53.066">
  <properties />
  
  
            <testcase name="LoginTruongPhongDien" time="6.698" classname="RunTestCase.WorkFlow14" />
                <testcase name="Logout" time="0.562" classname="RunTestCase.WorkFlow14" />
                <testcase name="ChuyenTiepTicket" time="7.549" classname="RunTestCase.WorkFlow14" />
                <testcase name="LoginTest" time="5.875" classname="RunTestCase.WorkFlow14" />
                <testcase name="CreateTicketTest" time="32.382" classname="RunTestCase.WorkFlow14" />
      
</testsuite>
