<?xml version="1.0" encoding="UTF-8"?>
<testsuite name="Test Case 10"
           tests="14"
           failures="0"
           errors="0"
           skipped="0"
           time="115.349">
  <properties />
  
  
            <testcase name="LoginTruongPhongDien" time="6.696" classname="RunTestCase.WorkFlow10" />
                <testcase name="DangXuat" time="0.324" classname="RunTestCase.WorkFlow10" />
                <testcase name="XuLyTicket" time="19.496" classname="RunTestCase.WorkFlow10" />
                <testcase name="ChuyenTiepTicket" time="9.765" classname="RunTestCase.WorkFlow10" />
                <testcase name="LoginTruongPhongDien1" time="6.794" classname="RunTestCase.WorkFlow10" />
                <testcase name="LoginTest" time="5.881" classname="RunTestCase.WorkFlow10" />
                <testcase name="DuyetTraVeTicket" time="8.317" classname="RunTestCase.WorkFlow10" />
                <testcase name="Login" time="6.719" classname="RunTestCase.WorkFlow10" />
                <testcase name="DangXuat1" time="0.327" classname="RunTestCase.WorkFlow10" />
                <testcase name="XuLyTicketTraVe" time="10.877" classname="RunTestCase.WorkFlow10" />
                <testcase name="CreateTicketTest" time="32.482" classname="RunTestCase.WorkFlow10" />
                <testcase name="DangXuat2" time="0.329" classname="RunTestCase.WorkFlow10" />
                <testcase name="LoginCSKH1" time="6.737" classname="RunTestCase.WorkFlow10" />
                <testcase name="Logout" time="0.605" classname="RunTestCase.WorkFlow10" />
      
</testsuite>
