<?xml version="1.0" encoding="UTF-8"?>
<testsuite name="Test Case 4"
           tests="11"
           failures="0"
           errors="0"
           skipped="0"
           time="98.358">
  <properties />
  
  
            <testcase name="ChuyenTiepTicket" time="9.770" classname="RunTestCase.WorkFlow4" />
                <testcase name="DangXuat" time="0.337" classname="RunTestCase.WorkFlow4" />
                <testcase name="LoginTruongPhongDien" time="6.719" classname="RunTestCase.WorkFlow4" />
                <testcase name="CreateTicketTest" time="33.145" classname="RunTestCase.WorkFlow4" />
                <testcase name="Login" time="6.746" classname="RunTestCase.WorkFlow4" />
                <testcase name="LoginCSKH1" time="6.752" classname="RunTestCase.WorkFlow4" />
                <testcase name="DuyetTraVeTicket" time="8.385" classname="RunTestCase.WorkFlow4" />
                <testcase name="DangXuat1" time="0.364" classname="RunTestCase.WorkFlow4" />
                <testcase name="LoginTest" time="5.907" classname="RunTestCase.WorkFlow4" />
                <testcase name="Logout" time="0.557" classname="RunTestCase.WorkFlow4" />
                <testcase name="XuLyTicket" time="19.676" classname="RunTestCase.WorkFlow4" />
      
</testsuite>
