<?xml version="1.0" encoding="UTF-8"?>
<testsuite name="Sample Test Case"
           tests="14"
           failures="0"
           errors="0"
           skipped="0"
           time="108.121">
  <properties />
  
  
            <testcase name="XuLyTicketTraVe" time="10.844" classname="RunTestCase.TestRunTestCase" />
                <testcase name="LoginCSKH1" time="6.687" classname="RunTestCase.TestRunTestCase" />
                <testcase name="DangXuat" time="0.336" classname="RunTestCase.TestRunTestCase" />
                <testcase name="LoginTest" time="6.092" classname="RunTestCase.TestRunTestCase" />
                <testcase name="DuyetTraVeTicket" time="8.327" classname="RunTestCase.TestRunTestCase" />
                <testcase name="LoginTruongPhongDien1" time="6.693" classname="RunTestCase.TestRunTestCase" />
                <testcase name="Login" time="6.742" classname="RunTestCase.TestRunTestCase" />
                <testcase name="DangXuat1" time="0.494" classname="RunTestCase.TestRunTestCase" />
                <testcase name="DangXuat2" time="0.442" classname="RunTestCase.TestRunTestCase" />
                <testcase name="Logout" time="0.721" classname="RunTestCase.TestRunTestCase" />
                <testcase name="ChuyenTiepTicket" time="8.774" classname="RunTestCase.TestRunTestCase" />
                <testcase name="XuLyTicket" time="19.622" classname="RunTestCase.TestRunTestCase" />
                <testcase name="CreateTicketTest" time="25.406" classname="RunTestCase.TestRunTestCase" />
                <testcase name="LoginTruongPhongDien" time="6.941" classname="RunTestCase.TestRunTestCase" />
      
</testsuite>
