<?xml version="1.0" encoding="UTF-8"?>
<testsuite name="Test Case 2"
           tests="14"
           failures="0"
           errors="0"
           skipped="0"
           time="116.434">
  <properties />
  
  
            <testcase name="DangNhapCSKHLan2" time="6.759" classname="RunTestCase.WorkFlow2" />
                <testcase name="DangNhapCSKH" time="6.143" classname="RunTestCase.WorkFlow2" />
                <testcase name="DangXuatNhanVienDien" time="0.334" classname="RunTestCase.WorkFlow2" />
                <testcase name="DangNhapTruongPhongDienLan2" time="6.687" classname="RunTestCase.WorkFlow2" />
                <testcase name="TaoTicket" time="33.336" classname="RunTestCase.WorkFlow2" />
                <testcase name="DangXuatTruongPhongDien" time="0.424" classname="RunTestCase.WorkFlow2" />
                <testcase name="ChuyenTicketChoNhanVien" time="9.663" classname="RunTestCase.WorkFlow2" />
                <testcase name="XuLyTicket" time="19.715" classname="RunTestCase.WorkFlow2" />
                <testcase name="DangNhapNhanVienDien" time="6.740" classname="RunTestCase.WorkFlow2" />
                <testcase name="DangXuatTruongPhongDienLan2" time="0.342" classname="RunTestCase.WorkFlow2" />
                <testcase name="DuyetTicketTraVe" time="8.364" classname="RunTestCase.WorkFlow2" />
                <testcase name="DangXuat" time="0.344" classname="RunTestCase.WorkFlow2" />
                <testcase name="XuLyTicketNhanVienTraVe" time="10.810" classname="RunTestCase.WorkFlow2" />
                <testcase name="DangNhapTruongPhongDien" time="6.773" classname="RunTestCase.WorkFlow2" />
      
</testsuite>
