<?xml version="1.0" encoding="UTF-8"?>
<testsuite name="Test Case 7"
           tests="14"
           failures="0"
           errors="0"
           skipped="0"
           time="115.558">
  <properties />
  
  
            <testcase name="DangXuat2" time="0.358" classname="RunTestCase.WorkFlow7" />
                <testcase name="LoginTest" time="5.891" classname="RunTestCase.WorkFlow7" />
                <testcase name="ChuyenTiepTicket" time="10.118" classname="RunTestCase.WorkFlow7" />
                <testcase name="XuLyTicketTraVe" time="10.875" classname="RunTestCase.WorkFlow7" />
                <testcase name="XuLyTicket" time="19.665" classname="RunTestCase.WorkFlow7" />
                <testcase name="LoginTruongPhongDien1" time="6.711" classname="RunTestCase.WorkFlow7" />
                <testcase name="CreateTicketTest" time="32.223" classname="RunTestCase.WorkFlow7" />
                <testcase name="LoginTruongPhongDien" time="6.731" classname="RunTestCase.WorkFlow7" />
                <testcase name="LoginCSKH1" time="6.721" classname="RunTestCase.WorkFlow7" />
                <testcase name="Logout" time="0.552" classname="RunTestCase.WorkFlow7" />
                <testcase name="DuyetTraVeTicket" time="8.338" classname="RunTestCase.WorkFlow7" />
                <testcase name="DangXuat" time="0.322" classname="RunTestCase.WorkFlow7" />
                <testcase name="Login" time="6.676" classname="RunTestCase.WorkFlow7" />
                <testcase name="DangXuat1" time="0.377" classname="RunTestCase.WorkFlow7" />
      
</testsuite>
