<?xml version="1.0" encoding="UTF-8"?>
<testsuite name="Test Case 6"
           tests="8"
           failures="0"
           errors="0"
           skipped="0"
           time="69.638">
  <properties />
  
  
            <testcase name="Logout" time="0.602" classname="RunTestCase.WorkFlow6" />
                <testcase name="LoginTruongPhongDien" time="6.734" classname="RunTestCase.WorkFlow6" />
                <testcase name="Login" time="6.695" classname="RunTestCase.WorkFlow6" />
                <testcase name="LoginTest" time="5.879" classname="RunTestCase.WorkFlow6" />
                <testcase name="DangXuat" time="0.326" classname="RunTestCase.WorkFlow6" />
                <testcase name="XuLyTicket" time="6.869" classname="RunTestCase.WorkFlow6" />
                <testcase name="ChuyenTiepTicket" time="9.717" classname="RunTestCase.WorkFlow6" />
                <testcase name="CreateTicketTest" time="32.816" classname="RunTestCase.WorkFlow6" />
      
</testsuite>
